#-----------------------------------------------------------
# Vivado v2019.1 (64-bit)
# SW Build 2552052 on Fri May 24 14:49:42 MDT 2019
# IP Build 2548770 on Fri May 24 18:01:18 MDT 2019
# Start of session at: Thu Nov  7 10:59:35 2019
# Process ID: 7936
# Current directory: C:/Development/VHDL/zynq_memory_test
# Command line: vivado.exe -gui_launcher_event rodinguilauncherevent2644 C:\Development\VHDL\zynq_memory_test\zynqexample.xpr
# Log file: C:/Development/VHDL/zynq_memory_test/vivado.log
# Journal file: C:/Development/VHDL/zynq_memory_test\vivado.jou
#-----------------------------------------------------------
start_gui
open_project C:/Development/VHDL/zynq_memory_test/zynqexample.xpr
INFO: [Project 1-313] Project file moved from 'C:/Users/Klejnot Nilu/Desktop/VHDL/zynq_memory_test' since last save.
Scanning sources...
Finished scanning sources
INFO: [IP_Flow 19-234] Refreshing IP repositories
INFO: [IP_Flow 19-1704] No user IP repositories specified
INFO: [IP_Flow 19-2313] Loaded Vivado IP repository 'C:/Xilinx/Vivado/2019.1/data/ip'.
open_project: Time (s): cpu = 00:00:36 ; elapsed = 00:00:16 . Memory (MB): peak = 704.875 ; gain = 110.555
update_compile_order -fileset sources_1
open_hw
connect_hw_server
INFO: [Labtools 27-2285] Connecting to hw_server url TCP:localhost:3121
INFO: [Labtools 27-2222] Launching hw_server...
INFO: [Labtools 27-2221] Launch Output:

****** Xilinx hw_server v2019.1
  **** Build date : May 24 2019 at 15:13:31
    ** Copyright 1986-2019 Xilinx, Inc. All Rights Reserved.


connect_hw_server: Time (s): cpu = 00:00:05 ; elapsed = 00:00:11 . Memory (MB): peak = 778.035 ; gain = 0.000
open_hw_target
INFO: [Labtoolstcl 44-466] Opening hw_target localhost:3121/xilinx_tcf/Xilinx/00000acb5d4001
open_hw_target: Time (s): cpu = 00:00:10 ; elapsed = 00:00:13 . Memory (MB): peak = 1854.445 ; gain = 1076.410
set_property PROGRAM.FILE {C:/Development/VHDL/zynq_memory_test/zynqexample.runs/impl_1/System_wrapper.bit} [get_hw_devices xc7z020_1]
current_hw_device [get_hw_devices xc7z020_1]
refresh_hw_device -update_hw_probes false [lindex [get_hw_devices xc7z020_1] 0]
INFO: [Labtools 27-1435] Device xc7z020 (JTAG device index = 1) is not programmed (DONE status = 0).
set_property PROBES.FILE {} [get_hw_devices xc7z020_1]
set_property FULL_PROBES.FILE {} [get_hw_devices xc7z020_1]
set_property PROGRAM.FILE {C:/Development/VHDL/zynq_memory_test/zynqexample.runs/impl_1/System_wrapper.bit} [get_hw_devices xc7z020_1]
program_hw_devices [get_hw_devices xc7z020_1]
INFO: [Labtools 27-3164] End of startup status: HIGH
program_hw_devices: Time (s): cpu = 00:00:10 ; elapsed = 00:00:09 . Memory (MB): peak = 1885.496 ; gain = 0.000
refresh_hw_device [lindex [get_hw_devices xc7z020_1] 0]
INFO: [Labtools 27-1434] Device xc7z020 (JTAG device index = 1) is programmed with a design that has no supported debug core(s) in it.
launch_sdk -workspace C:/Development/VHDL/zynq_memory_test/zynqexample.sdk -hwspec C:/Development/VHDL/zynq_memory_test/zynqexample.sdk/System_wrapper.hdf
INFO: [Vivado 12-393] Launching SDK...
INFO: [Vivado 12-417] Running xsdk -workspace C:/Development/VHDL/zynq_memory_test/zynqexample.sdk -hwspec C:/Development/VHDL/zynq_memory_test/zynqexample.sdk/System_wrapper.hdf
INFO: [Vivado 12-3157] SDK launch initiated. Please check console for any further messages.
