#-----------------------------------------------------------
# Webtalk v2019.1 (64-bit)
# SW Build 2552052 on Fri May 24 14:49:42 MDT 2019
# 
# Start of session at: Tue Nov 26 10:30:07 2019
# Process ID: 10288
# Current directory: C:/Development/VHDL/zynq_memory_test/zynqexample.sdk/webtalk
# Command line: wbtcv.exe -mode batch -source sdk_webtalk.tcl
# Log file: C:/Development/VHDL/zynq_memory_test/zynqexample.sdk/webtalk/webtalk.log
# Journal file: C:/Development/VHDL/zynq_memory_test/zynqexample.sdk/webtalk\webtalk.jou
#-----------------------------------------------------------
source sdk_webtalk.tcl
# webtalk_init -webtalk_dir C:\\Development\\VHDL\\zynq_memory_test\\zynqexample.sdk\\webtalk
# webtalk_register_client -client project
# webtalk_add_data -client project -key date_generated -value "2019-11-26 10:30:01" -context "software_version_and_target_device"
# webtalk_add_data -client project -key product_version -value "SDK v2019.1" -context "software_version_and_target_device"
# webtalk_add_data -client project -key build_version -value "2019.1" -context "software_version_and_target_device"
# webtalk_add_data -client project -key os_platform -value "amd64" -context "software_version_and_target_device"
# webtalk_add_data -client project -key registration_id -value "211749580_0_0_007" -context "software_version_and_target_device"
# webtalk_add_data -client project -key tool_flow -value "SDK" -context "software_version_and_target_device"
# webtalk_add_data -client project -key beta -value "false" -context "software_version_and_target_device"
# webtalk_add_data -client project -key route_design -value "NA" -context "software_version_and_target_device"
# webtalk_add_data -client project -key target_family -value "NA" -context "software_version_and_target_device"
# webtalk_add_data -client project -key target_device -value "NA" -context "software_version_and_target_device"
# webtalk_add_data -client project -key target_package -value "NA" -context "software_version_and_target_device"
# webtalk_add_data -client project -key target_speed -value "NA" -context "software_version_and_target_device"
# webtalk_add_data -client project -key random_id -value "l7m4i4nkb3daljahqru20ui2f7" -context "software_version_and_target_device"
# webtalk_add_data -client project -key project_id -value "2019.1_2" -context "software_version_and_target_device"
# webtalk_add_data -client project -key project_iteration -value "2" -context "software_version_and_target_device"
# webtalk_add_data -client project -key os_name -value "Microsoft Windows 8 or later , 64-bit" -context "user_environment"
# webtalk_add_data -client project -key os_release -value "major release  (build 9200)" -context "user_environment"
# webtalk_add_data -client project -key cpu_name -value "Intel(R) Core(TM) i5 CPU       M 430  @ 2.27GHz" -context "user_environment"
# webtalk_add_data -client project -key cpu_speed -value "2261 MHz" -context "user_environment"
# webtalk_add_data -client project -key total_processors -value "1" -context "user_environment"
# webtalk_add_data -client project -key system_ram -value "4.151 GB" -context "user_environment"
# webtalk_register_client -client sdk
# webtalk_add_data -client sdk -key uid -value "1574758210265" -context "sdk\\\\hardware/1574758210265"
# webtalk_add_data -client sdk -key isZynq -value "true" -context "sdk\\\\hardware/1574758210265"
# webtalk_add_data -client sdk -key isZynqMP -value "false" -context "sdk\\\\hardware/1574758210265"
# webtalk_add_data -client sdk -key Processors -value "2" -context "sdk\\\\hardware/1574758210265"
# webtalk_add_data -client sdk -key VivadoVersion -value "2019.1" -context "sdk\\\\hardware/1574758210265"
# webtalk_add_data -client sdk -key Arch -value "zynq" -context "sdk\\\\hardware/1574758210265"
# webtalk_add_data -client sdk -key Device -value "7z020" -context "sdk\\\\hardware/1574758210265"
# webtalk_add_data -client sdk -key IsHandoff -value "true" -context "sdk\\\\hardware/1574758210265"
# webtalk_add_data -client sdk -key os -value "NA" -context "sdk\\\\hardware/1574758210265"
# webtalk_add_data -client sdk -key apptemplate -value "NA" -context "sdk\\\\hardware/1574758210265"
# webtalk_add_data -client sdk -key RecordType -value "HWCreation" -context "sdk\\\\hardware/1574758210265"
# webtalk_add_data -client sdk -key uid -value "NA" -context "sdk\\\\bsp/1574760601543"
# webtalk_add_data -client sdk -key RecordType -value "ToolUsage" -context "sdk\\\\bsp/1574760601543"
# webtalk_add_data -client sdk -key BootgenCount -value "0" -context "sdk\\\\bsp/1574760601543"
# webtalk_add_data -client sdk -key DebugCount -value "0" -context "sdk\\\\bsp/1574760601543"
# webtalk_add_data -client sdk -key PerfCount -value "0" -context "sdk\\\\bsp/1574760601543"
# webtalk_add_data -client sdk -key FlashCount -value "0" -context "sdk\\\\bsp/1574760601543"
# webtalk_add_data -client sdk -key CrossTriggCount -value "0" -context "sdk\\\\bsp/1574760601543"
# webtalk_add_data -client sdk -key QemuDebugCount -value "0" -context "sdk\\\\bsp/1574760601543"
# webtalk_transmit -clientid 3366327652 -regid "211749580_0_0_007" -xml C:\\Development\\VHDL\\zynq_memory_test\\zynqexample.sdk\\webtalk\\usage_statistics_ext_sdk.xml -html C:\\Development\\VHDL\\zynq_memory_test\\zynqexample.sdk\\webtalk\\usage_statistics_ext_sdk.html -wdm C:\\Development\\VHDL\\zynq_memory_test\\zynqexample.sdk\\webtalk\\sdk_webtalk.wdm -intro "<H3>SDK Usage Report</H3><BR>"
